2024-07-14 18:16:19.650 [Test worker] INFO  c.example.demo.DemoApplicationTests - Starting DemoApplicationTests using Java 17.0.11 with PID 21328 (started by samsung in C:\Users\samsung\Desktop\DockerTest\Dep_test\back_dt)
2024-07-14 18:16:19.668 [Test worker] INFO  c.example.demo.DemoApplicationTests - No active profile set, falling back to 1 default profile: "default"
2024-07-14 18:16:22.497 [Test worker] INFO  o.s.d.r.c.RepositoryConfigurationDelegate - Multiple Spring Data modules found, entering strict repository configuration mode
2024-07-14 18:16:22.502 [Test worker] INFO  o.s.d.r.c.RepositoryConfigurationDelegate - Bootstrapping Spring Data JDBC repositories in DEFAULT mode.
2024-07-14 18:16:22.596 [Test worker] INFO  o.s.d.r.c.RepositoryConfigurationExtensionSupport - Spring Data JDBC - Could not safely identify store assignment for repository candidate interface com.example.demo.repository.UserRepository; If you want this repository to be a JDBC repository, consider annotating your entities with one of these annotations: org.springframework.data.relational.core.mapping.Table.
2024-07-14 18:16:22.598 [Test worker] INFO  o.s.d.r.c.RepositoryConfigurationDelegate - Finished Spring Data repository scanning in 85 ms. Found 0 JDBC repository interfaces.
2024-07-14 18:16:22.636 [Test worker] INFO  o.s.d.r.c.RepositoryConfigurationDelegate - Multiple Spring Data modules found, entering strict repository configuration mode
2024-07-14 18:16:22.639 [Test worker] INFO  o.s.d.r.c.RepositoryConfigurationDelegate - Bootstrapping Spring Data JPA repositories in DEFAULT mode.
2024-07-14 18:16:22.716 [Test worker] INFO  o.s.d.r.c.RepositoryConfigurationDelegate - Finished Spring Data repository scanning in 65 ms. Found 1 JPA repository interface.
2024-07-14 18:16:23.934 [Test worker] INFO  com.zaxxer.hikari.HikariDataSource - HikariPool-1 - Starting...
2024-07-14 18:16:24.480 [Test worker] INFO  com.zaxxer.hikari.pool.HikariPool - HikariPool-1 - Added connection conn0: url=jdbc:h2:mem:c83787d9-646f-43fc-88fc-a09e0c6f9f96 user=SA
2024-07-14 18:16:24.485 [Test worker] INFO  com.zaxxer.hikari.HikariDataSource - HikariPool-1 - Start completed.
2024-07-14 18:16:24.623 [Test worker] INFO  o.h.jpa.internal.util.LogHelper - HHH000204: Processing PersistenceUnitInfo [name: default]
2024-07-14 18:16:24.857 [Test worker] INFO  org.hibernate.Version - HHH000412: Hibernate ORM core version 6.5.2.Final
2024-07-14 18:16:24.987 [Test worker] INFO  o.h.c.i.RegionFactoryInitiator - HHH000026: Second-level cache disabled
2024-07-14 18:16:25.253 [Test worker] DEBUG o.hibernate.type.BasicTypeRegistry - Adding type registration boolean -> org.hibernate.type.BasicTypeReference@6da646b8
2024-07-14 18:16:25.253 [Test worker] DEBUG o.hibernate.type.BasicTypeRegistry - Adding type registration boolean -> org.hibernate.type.BasicTypeReference@6da646b8
2024-07-14 18:16:25.254 [Test worker] DEBUG o.hibernate.type.BasicTypeRegistry - Adding type registration java.lang.Boolean -> org.hibernate.type.BasicTypeReference@6da646b8
2024-07-14 18:16:25.254 [Test worker] DEBUG o.hibernate.type.BasicTypeRegistry - Adding type registration numeric_boolean -> org.hibernate.type.BasicTypeReference@2a65e237
2024-07-14 18:16:25.255 [Test worker] DEBUG o.hibernate.type.BasicTypeRegistry - Adding type registration org.hibernate.type.NumericBooleanConverter -> org.hibernate.type.BasicTypeReference@2a65e237
2024-07-14 18:16:25.256 [Test worker] DEBUG o.hibernate.type.BasicTypeRegistry - Adding type registration true_false -> org.hibernate.type.BasicTypeReference@3a48c398
2024-07-14 18:16:25.257 [Test worker] DEBUG o.hibernate.type.BasicTypeRegistry - Adding type registration org.hibernate.type.TrueFalseConverter -> org.hibernate.type.BasicTypeReference@3a48c398
2024-07-14 18:16:25.257 [Test worker] DEBUG o.hibernate.type.BasicTypeRegistry - Adding type registration yes_no -> org.hibernate.type.BasicTypeReference@1b4ba615
2024-07-14 18:16:25.257 [Test worker] DEBUG o.hibernate.type.BasicTypeRegistry - Adding type registration org.hibernate.type.YesNoConverter -> org.hibernate.type.BasicTypeReference@1b4ba615
2024-07-14 18:16:25.258 [Test worker] DEBUG o.hibernate.type.BasicTypeRegistry - Adding type registration byte -> org.hibernate.type.BasicTypeReference@4407b042
2024-07-14 18:16:25.259 [Test worker] DEBUG o.hibernate.type.BasicTypeRegistry - Adding type registration byte -> org.hibernate.type.BasicTypeReference@4407b042
2024-07-14 18:16:25.259 [Test worker] DEBUG o.hibernate.type.BasicTypeRegistry - Adding type registration java.lang.Byte -> org.hibernate.type.BasicTypeReference@4407b042
2024-07-14 18:16:25.261 [Test worker] DEBUG o.hibernate.type.BasicTypeRegistry - Adding type registration binary -> org.hibernate.type.BasicTypeReference@41f686af
2024-07-14 18:16:25.262 [Test worker] DEBUG o.hibernate.type.BasicTypeRegistry - Adding type registration byte[] -> org.hibernate.type.BasicTypeReference@41f686af
2024-07-14 18:16:25.263 [Test worker] DEBUG o.hibernate.type.BasicTypeRegistry - Adding type registration [B -> org.hibernate.type.BasicTypeReference@41f686af
2024-07-14 18:16:25.263 [Test worker] DEBUG o.hibernate.type.BasicTypeRegistry - Adding type registration binary_wrapper -> org.hibernate.type.BasicTypeReference@29f8134
2024-07-14 18:16:25.264 [Test worker] DEBUG o.hibernate.type.BasicTypeRegistry - Adding type registration wrapper-binary -> org.hibernate.type.BasicTypeReference@29f8134
2024-07-14 18:16:25.265 [Test worker] DEBUG o.hibernate.type.BasicTypeRegistry - Adding type registration image -> org.hibernate.type.BasicTypeReference@77a9ac36
2024-07-14 18:16:25.266 [Test worker] DEBUG o.hibernate.type.BasicTypeRegistry - Adding type registration blob -> org.hibernate.type.BasicTypeReference@3c743d40
2024-07-14 18:16:25.267 [Test worker] DEBUG o.hibernate.type.BasicTypeRegistry - Adding type registration java.sql.Blob -> org.hibernate.type.BasicTypeReference@3c743d40
2024-07-14 18:16:25.268 [Test worker] DEBUG o.hibernate.type.BasicTypeRegistry - Adding type registration materialized_blob -> org.hibernate.type.BasicTypeReference@5aac6f9f
2024-07-14 18:16:25.269 [Test worker] DEBUG o.hibernate.type.BasicTypeRegistry - Adding type registration materialized_blob_wrapper -> org.hibernate.type.BasicTypeReference@2444c3df
2024-07-14 18:16:25.269 [Test worker] DEBUG o.hibernate.type.BasicTypeRegistry - Adding type registration short -> org.hibernate.type.BasicTypeReference@1eb6037d
2024-07-14 18:16:25.269 [Test worker] DEBUG o.hibernate.type.BasicTypeRegistry - Adding type registration short -> org.hibernate.type.BasicTypeReference@1eb6037d
2024-07-14 18:16:25.270 [Test worker] DEBUG o.hibernate.type.BasicTypeRegistry - Adding type registration java.lang.Short -> org.hibernate.type.BasicTypeReference@1eb6037d
2024-07-14 18:16:25.270 [Test worker] DEBUG o.hibernate.type.BasicTypeRegistry - Adding type registration integer -> org.hibernate.type.BasicTypeReference@335b3d6
2024-07-14 18:16:25.270 [Test worker] DEBUG o.hibernate.type.BasicTypeRegistry - Adding type registration int -> org.hibernate.type.BasicTypeReference@335b3d6
2024-07-14 18:16:25.270 [Test worker] DEBUG o.hibernate.type.BasicTypeRegistry - Adding type registration java.lang.Integer -> org.hibernate.type.BasicTypeReference@335b3d6
2024-07-14 18:16:25.272 [Test worker] DEBUG o.hibernate.type.BasicTypeRegistry - Adding type registration long -> org.hibernate.type.BasicTypeReference@3a5ce4b8
2024-07-14 18:16:25.272 [Test worker] DEBUG o.hibernate.type.BasicTypeRegistry - Adding type registration long -> org.hibernate.type.BasicTypeReference@3a5ce4b8
2024-07-14 18:16:25.273 [Test worker] DEBUG o.hibernate.type.BasicTypeRegistry - Adding type registration java.lang.Long -> org.hibernate.type.BasicTypeReference@3a5ce4b8
2024-07-14 18:16:25.274 [Test worker] DEBUG o.hibernate.type.BasicTypeRegistry - Adding type registration float -> org.hibernate.type.BasicTypeReference@38848217
2024-07-14 18:16:25.275 [Test worker] DEBUG o.hibernate.type.BasicTypeRegistry - Adding type registration float -> org.hibernate.type.BasicTypeReference@38848217
2024-07-14 18:16:25.276 [Test worker] DEBUG o.hibernate.type.BasicTypeRegistry - Adding type registration java.lang.Float -> org.hibernate.type.BasicTypeReference@38848217
2024-07-14 18:16:25.276 [Test worker] DEBUG o.hibernate.type.BasicTypeRegistry - Adding type registration double -> org.hibernate.type.BasicTypeReference@1607d391
2024-07-14 18:16:25.277 [Test worker] DEBUG o.hibernate.type.BasicTypeRegistry - Adding type registration double -> org.hibernate.type.BasicTypeReference@1607d391
2024-07-14 18:16:25.279 [Test worker] DEBUG o.hibernate.type.BasicTypeRegistry - Adding type registration java.lang.Double -> org.hibernate.type.BasicTypeReference@1607d391
2024-07-14 18:16:25.279 [Test worker] DEBUG o.hibernate.type.BasicTypeRegistry - Adding type registration big_integer -> org.hibernate.type.BasicTypeReference@38826984
2024-07-14 18:16:25.280 [Test worker] DEBUG o.hibernate.type.BasicTypeRegistry - Adding type registration java.math.BigInteger -> org.hibernate.type.BasicTypeReference@38826984
2024-07-14 18:16:25.281 [Test worker] DEBUG o.hibernate.type.BasicTypeRegistry - Adding type registration big_decimal -> org.hibernate.type.BasicTypeReference@65262308
2024-07-14 18:16:25.282 [Test worker] DEBUG o.hibernate.type.BasicTypeRegistry - Adding type registration java.math.BigDecimal -> org.hibernate.type.BasicTypeReference@65262308
2024-07-14 18:16:25.283 [Test worker] DEBUG o.hibernate.type.BasicTypeRegistry - Adding type registration character -> org.hibernate.type.BasicTypeReference@792e8181
2024-07-14 18:16:25.285 [Test worker] DEBUG o.hibernate.type.BasicTypeRegistry - Adding type registration char -> org.hibernate.type.BasicTypeReference@792e8181
2024-07-14 18:16:25.285 [Test worker] DEBUG o.hibernate.type.BasicTypeRegistry - Adding type registration java.lang.Character -> org.hibernate.type.BasicTypeReference@792e8181
2024-07-14 18:16:25.286 [Test worker] DEBUG o.hibernate.type.BasicTypeRegistry - Adding type registration character_nchar -> org.hibernate.type.BasicTypeReference@511d5e6e
2024-07-14 18:16:25.287 [Test worker] DEBUG o.hibernate.type.BasicTypeRegistry - Adding type registration string -> org.hibernate.type.BasicTypeReference@7a78d380
2024-07-14 18:16:25.288 [Test worker] DEBUG o.hibernate.type.BasicTypeRegistry - Adding type registration java.lang.String -> org.hibernate.type.BasicTypeReference@7a78d380
2024-07-14 18:16:25.289 [Test worker] DEBUG o.hibernate.type.BasicTypeRegistry - Adding type registration nstring -> org.hibernate.type.BasicTypeReference@2e1291a4
2024-07-14 18:16:25.289 [Test worker] DEBUG o.hibernate.type.BasicTypeRegistry - Adding type registration characters -> org.hibernate.type.BasicTypeReference@23bd2f6e
2024-07-14 18:16:25.290 [Test worker] DEBUG o.hibernate.type.BasicTypeRegistry - Adding type registration char[] -> org.hibernate.type.BasicTypeReference@23bd2f6e
2024-07-14 18:16:25.291 [Test worker] DEBUG o.hibernate.type.BasicTypeRegistry - Adding type registration [C -> org.hibernate.type.BasicTypeReference@23bd2f6e
2024-07-14 18:16:25.291 [Test worker] DEBUG o.hibernate.type.BasicTypeRegistry - Adding type registration wrapper-characters -> org.hibernate.type.BasicTypeReference@18e8eb59
2024-07-14 18:16:25.291 [Test worker] DEBUG o.hibernate.type.BasicTypeRegistry - Adding type registration text -> org.hibernate.type.BasicTypeReference@2430cf17
2024-07-14 18:16:25.292 [Test worker] DEBUG o.hibernate.type.BasicTypeRegistry - Adding type registration ntext -> org.hibernate.type.BasicTypeReference@1e95f584
2024-07-14 18:16:25.292 [Test worker] DEBUG o.hibernate.type.BasicTypeRegistry - Adding type registration clob -> org.hibernate.type.BasicTypeReference@54997f67
2024-07-14 18:16:25.293 [Test worker] DEBUG o.hibernate.type.BasicTypeRegistry - Adding type registration java.sql.Clob -> org.hibernate.type.BasicTypeReference@54997f67
2024-07-14 18:16:25.293 [Test worker] DEBUG o.hibernate.type.BasicTypeRegistry - Adding type registration nclob -> org.hibernate.type.BasicTypeReference@bf4e48e
2024-07-14 18:16:25.293 [Test worker] DEBUG o.hibernate.type.BasicTypeRegistry - Adding type registration java.sql.NClob -> org.hibernate.type.BasicTypeReference@bf4e48e
2024-07-14 18:16:25.294 [Test worker] DEBUG o.hibernate.type.BasicTypeRegistry - Adding type registration materialized_clob -> org.hibernate.type.BasicTypeReference@299eca90
2024-07-14 18:16:25.295 [Test worker] DEBUG o.hibernate.type.BasicTypeRegistry - Adding type registration materialized_clob_char_array -> org.hibernate.type.BasicTypeReference@189633f2
2024-07-14 18:16:25.295 [Test worker] DEBUG o.hibernate.type.BasicTypeRegistry - Adding type registration materialized_clob_character_array -> org.hibernate.type.BasicTypeReference@76b05c0
2024-07-14 18:16:25.296 [Test worker] DEBUG o.hibernate.type.BasicTypeRegistry - Adding type registration materialized_nclob -> org.hibernate.type.BasicTypeReference@2b974137
2024-07-14 18:16:25.297 [Test worker] DEBUG o.hibernate.type.BasicTypeRegistry - Adding type registration materialized_nclob_character_array -> org.hibernate.type.BasicTypeReference@7402c49f
2024-07-14 18:16:25.298 [Test worker] DEBUG o.hibernate.type.BasicTypeRegistry - Adding type registration materialized_nclob_char_array -> org.hibernate.type.BasicTypeReference@5d22604e
2024-07-14 18:16:25.299 [Test worker] DEBUG o.hibernate.type.BasicTypeRegistry - Adding type registration Duration -> org.hibernate.type.BasicTypeReference@2382b2f
2024-07-14 18:16:25.299 [Test worker] DEBUG o.hibernate.type.BasicTypeRegistry - Adding type registration java.time.Duration -> org.hibernate.type.BasicTypeReference@2382b2f
2024-07-14 18:16:25.299 [Test worker] DEBUG o.hibernate.type.BasicTypeRegistry - Adding type registration LocalDateTime -> org.hibernate.type.BasicTypeReference@13374ca6
2024-07-14 18:16:25.300 [Test worker] DEBUG o.hibernate.type.BasicTypeRegistry - Adding type registration java.time.LocalDateTime -> org.hibernate.type.BasicTypeReference@13374ca6
2024-07-14 18:16:25.301 [Test worker] DEBUG o.hibernate.type.BasicTypeRegistry - Adding type registration LocalDate -> org.hibernate.type.BasicTypeReference@71734463
2024-07-14 18:16:25.302 [Test worker] DEBUG o.hibernate.type.BasicTypeRegistry - Adding type registration java.time.LocalDate -> org.hibernate.type.BasicTypeReference@71734463
2024-07-14 18:16:25.303 [Test worker] DEBUG o.hibernate.type.BasicTypeRegistry - Adding type registration LocalTime -> org.hibernate.type.BasicTypeReference@3f1d6a13
2024-07-14 18:16:25.303 [Test worker] DEBUG o.hibernate.type.BasicTypeRegistry - Adding type registration java.time.LocalTime -> org.hibernate.type.BasicTypeReference@3f1d6a13
2024-07-14 18:16:25.303 [Test worker] DEBUG o.hibernate.type.BasicTypeRegistry - Adding type registration OffsetDateTime -> org.hibernate.type.BasicTypeReference@7cbf4f8c
2024-07-14 18:16:25.304 [Test worker] DEBUG o.hibernate.type.BasicTypeRegistry - Adding type registration java.time.OffsetDateTime -> org.hibernate.type.BasicTypeReference@7cbf4f8c
2024-07-14 18:16:25.304 [Test worker] DEBUG o.hibernate.type.BasicTypeRegistry - Adding type registration OffsetDateTimeWithTimezone -> org.hibernate.type.BasicTypeReference@55c46ec1
2024-07-14 18:16:25.304 [Test worker] DEBUG o.hibernate.type.BasicTypeRegistry - Adding type registration OffsetDateTimeWithoutTimezone -> org.hibernate.type.BasicTypeReference@3eff6846
2024-07-14 18:16:25.304 [Test worker] DEBUG o.hibernate.type.BasicTypeRegistry - Adding type registration OffsetTime -> org.hibernate.type.BasicTypeReference@6ae6d078
2024-07-14 18:16:25.304 [Test worker] DEBUG o.hibernate.type.BasicTypeRegistry - Adding type registration java.time.OffsetTime -> org.hibernate.type.BasicTypeReference@6ae6d078
2024-07-14 18:16:25.304 [Test worker] DEBUG o.hibernate.type.BasicTypeRegistry - Adding type registration OffsetTimeUtc -> org.hibernate.type.BasicTypeReference@6ca33187
2024-07-14 18:16:25.304 [Test worker] DEBUG o.hibernate.type.BasicTypeRegistry - Adding type registration OffsetTimeWithTimezone -> org.hibernate.type.BasicTypeReference@1a67f8b4
2024-07-14 18:16:25.305 [Test worker] DEBUG o.hibernate.type.BasicTypeRegistry - Adding type registration OffsetTimeWithoutTimezone -> org.hibernate.type.BasicTypeReference@5f1f0ee6
2024-07-14 18:16:25.305 [Test worker] DEBUG o.hibernate.type.BasicTypeRegistry - Adding type registration ZonedDateTime -> org.hibernate.type.BasicTypeReference@326706d
2024-07-14 18:16:25.305 [Test worker] DEBUG o.hibernate.type.BasicTypeRegistry - Adding type registration java.time.ZonedDateTime -> org.hibernate.type.BasicTypeReference@326706d
2024-07-14 18:16:25.305 [Test worker] DEBUG o.hibernate.type.BasicTypeRegistry - Adding type registration ZonedDateTimeWithTimezone -> org.hibernate.type.BasicTypeReference@76fc5687
2024-07-14 18:16:25.306 [Test worker] DEBUG o.hibernate.type.BasicTypeRegistry - Adding type registration ZonedDateTimeWithoutTimezone -> org.hibernate.type.BasicTypeReference@53fbb2b4
2024-07-14 18:16:25.306 [Test worker] DEBUG o.hibernate.type.BasicTypeRegistry - Adding type registration date -> org.hibernate.type.BasicTypeReference@7434ee13
2024-07-14 18:16:25.306 [Test worker] DEBUG o.hibernate.type.BasicTypeRegistry - Adding type registration java.sql.Date -> org.hibernate.type.BasicTypeReference@7434ee13
2024-07-14 18:16:25.307 [Test worker] DEBUG o.hibernate.type.BasicTypeRegistry - Adding type registration time -> org.hibernate.type.BasicTypeReference@44a14de0
2024-07-14 18:16:25.308 [Test worker] DEBUG o.hibernate.type.BasicTypeRegistry - Adding type registration java.sql.Time -> org.hibernate.type.BasicTypeReference@44a14de0
2024-07-14 18:16:25.308 [Test worker] DEBUG o.hibernate.type.BasicTypeRegistry - Adding type registration timestamp -> org.hibernate.type.BasicTypeReference@50fd739d
2024-07-14 18:16:25.309 [Test worker] DEBUG o.hibernate.type.BasicTypeRegistry - Adding type registration java.sql.Timestamp -> org.hibernate.type.BasicTypeReference@50fd739d
2024-07-14 18:16:25.309 [Test worker] DEBUG o.hibernate.type.BasicTypeRegistry - Adding type registration java.util.Date -> org.hibernate.type.BasicTypeReference@50fd739d
2024-07-14 18:16:25.310 [Test worker] DEBUG o.hibernate.type.BasicTypeRegistry - Adding type registration calendar -> org.hibernate.type.BasicTypeReference@5e1d1524
2024-07-14 18:16:25.310 [Test worker] DEBUG o.hibernate.type.BasicTypeRegistry - Adding type registration java.util.Calendar -> org.hibernate.type.BasicTypeReference@5e1d1524
2024-07-14 18:16:25.311 [Test worker] DEBUG o.hibernate.type.BasicTypeRegistry - Adding type registration java.util.GregorianCalendar -> org.hibernate.type.BasicTypeReference@5e1d1524
2024-07-14 18:16:25.311 [Test worker] DEBUG o.hibernate.type.BasicTypeRegistry - Adding type registration calendar_date -> org.hibernate.type.BasicTypeReference@d0a2c82
2024-07-14 18:16:25.311 [Test worker] DEBUG o.hibernate.type.BasicTypeRegistry - Adding type registration calendar_time -> org.hibernate.type.BasicTypeReference@430aae8e
2024-07-14 18:16:25.311 [Test worker] DEBUG o.hibernate.type.BasicTypeRegistry - Adding type registration instant -> org.hibernate.type.BasicTypeReference@78504ce9
2024-07-14 18:16:25.312 [Test worker] DEBUG o.hibernate.type.BasicTypeRegistry - Adding type registration java.time.Instant -> org.hibernate.type.BasicTypeReference@78504ce9
2024-07-14 18:16:25.312 [Test worker] DEBUG o.hibernate.type.BasicTypeRegistry - Adding type registration uuid -> org.hibernate.type.BasicTypeReference@4e52d2f2
2024-07-14 18:16:25.312 [Test worker] DEBUG o.hibernate.type.BasicTypeRegistry - Adding type registration java.util.UUID -> org.hibernate.type.BasicTypeReference@4e52d2f2
2024-07-14 18:16:25.312 [Test worker] DEBUG o.hibernate.type.BasicTypeRegistry - Adding type registration pg-uuid -> org.hibernate.type.BasicTypeReference@4e52d2f2
2024-07-14 18:16:25.312 [Test worker] DEBUG o.hibernate.type.BasicTypeRegistry - Adding type registration uuid-binary -> org.hibernate.type.BasicTypeReference@12608986
2024-07-14 18:16:25.312 [Test worker] DEBUG o.hibernate.type.BasicTypeRegistry - Adding type registration uuid-char -> org.hibernate.type.BasicTypeReference@4882b9a
2024-07-14 18:16:25.313 [Test worker] DEBUG o.hibernate.type.BasicTypeRegistry - Adding type registration class -> org.hibernate.type.BasicTypeReference@7ec508e6
2024-07-14 18:16:25.313 [Test worker] DEBUG o.hibernate.type.BasicTypeRegistry - Adding type registration java.lang.Class -> org.hibernate.type.BasicTypeReference@7ec508e6
2024-07-14 18:16:25.313 [Test worker] DEBUG o.hibernate.type.BasicTypeRegistry - Adding type registration currency -> org.hibernate.type.BasicTypeReference@26d8908e
2024-07-14 18:16:25.313 [Test worker] DEBUG o.hibernate.type.BasicTypeRegistry - Adding type registration Currency -> org.hibernate.type.BasicTypeReference@26d8908e
2024-07-14 18:16:25.313 [Test worker] DEBUG o.hibernate.type.BasicTypeRegistry - Adding type registration java.util.Currency -> org.hibernate.type.BasicTypeReference@26d8908e
2024-07-14 18:16:25.314 [Test worker] DEBUG o.hibernate.type.BasicTypeRegistry - Adding type registration locale -> org.hibernate.type.BasicTypeReference@30e2016a
2024-07-14 18:16:25.315 [Test worker] DEBUG o.hibernate.type.BasicTypeRegistry - Adding type registration java.util.Locale -> org.hibernate.type.BasicTypeReference@30e2016a
2024-07-14 18:16:25.315 [Test worker] DEBUG o.hibernate.type.BasicTypeRegistry - Adding type registration serializable -> org.hibernate.type.BasicTypeReference@75f32817
2024-07-14 18:16:25.315 [Test worker] DEBUG o.hibernate.type.BasicTypeRegistry - Adding type registration java.io.Serializable -> org.hibernate.type.BasicTypeReference@75f32817
2024-07-14 18:16:25.315 [Test worker] DEBUG o.hibernate.type.BasicTypeRegistry - Adding type registration timezone -> org.hibernate.type.BasicTypeReference@23a78c77
2024-07-14 18:16:25.316 [Test worker] DEBUG o.hibernate.type.BasicTypeRegistry - Adding type registration java.util.TimeZone -> org.hibernate.type.BasicTypeReference@23a78c77
2024-07-14 18:16:25.316 [Test worker] DEBUG o.hibernate.type.BasicTypeRegistry - Adding type registration ZoneOffset -> org.hibernate.type.BasicTypeReference@4119346d
2024-07-14 18:16:25.316 [Test worker] DEBUG o.hibernate.type.BasicTypeRegistry - Adding type registration java.time.ZoneOffset -> org.hibernate.type.BasicTypeReference@4119346d
2024-07-14 18:16:25.317 [Test worker] DEBUG o.hibernate.type.BasicTypeRegistry - Adding type registration url -> org.hibernate.type.BasicTypeReference@61d09475
2024-07-14 18:16:25.317 [Test worker] DEBUG o.hibernate.type.BasicTypeRegistry - Adding type registration java.net.URL -> org.hibernate.type.BasicTypeReference@61d09475
2024-07-14 18:16:25.319 [Test worker] DEBUG o.hibernate.type.BasicTypeRegistry - Adding type registration vector -> org.hibernate.type.BasicTypeReference@d0fabc8
2024-07-14 18:16:25.320 [Test worker] DEBUG o.hibernate.type.BasicTypeRegistry - Adding type registration row_version -> org.hibernate.type.BasicTypeReference@12d44a2a
2024-07-14 18:16:25.338 [Test worker] DEBUG o.hibernate.type.BasicTypeRegistry - Adding type registration object -> org.hibernate.type.JavaObjectType@4c13ca07
2024-07-14 18:16:25.338 [Test worker] DEBUG o.hibernate.type.BasicTypeRegistry - Adding type registration java.lang.Object -> org.hibernate.type.JavaObjectType@4c13ca07
2024-07-14 18:16:25.343 [Test worker] DEBUG o.hibernate.type.BasicTypeRegistry - Adding type registration null -> org.hibernate.type.NullType@2ae2fa13
2024-07-14 18:16:25.344 [Test worker] DEBUG o.hibernate.type.BasicTypeRegistry - Adding type registration imm_date -> org.hibernate.type.BasicTypeReference@66e12c3b
2024-07-14 18:16:25.344 [Test worker] DEBUG o.hibernate.type.BasicTypeRegistry - Adding type registration imm_time -> org.hibernate.type.BasicTypeReference@44485db
2024-07-14 18:16:25.345 [Test worker] DEBUG o.hibernate.type.BasicTypeRegistry - Adding type registration imm_timestamp -> org.hibernate.type.BasicTypeReference@1f6f0fe2
2024-07-14 18:16:25.345 [Test worker] DEBUG o.hibernate.type.BasicTypeRegistry - Adding type registration imm_calendar -> org.hibernate.type.BasicTypeReference@22604c7e
2024-07-14 18:16:25.345 [Test worker] DEBUG o.hibernate.type.BasicTypeRegistry - Adding type registration imm_calendar_date -> org.hibernate.type.BasicTypeReference@4d8f2cfd
2024-07-14 18:16:25.346 [Test worker] DEBUG o.hibernate.type.BasicTypeRegistry - Adding type registration imm_calendar_time -> org.hibernate.type.BasicTypeReference@6d4502ca
2024-07-14 18:16:25.346 [Test worker] DEBUG o.hibernate.type.BasicTypeRegistry - Adding type registration imm_binary -> org.hibernate.type.BasicTypeReference@ab2009f
2024-07-14 18:16:25.346 [Test worker] DEBUG o.hibernate.type.BasicTypeRegistry - Adding type registration imm_serializable -> org.hibernate.type.BasicTypeReference@2a11ae0b
2024-07-14 18:16:25.872 [Test worker] INFO  o.s.o.j.p.SpringPersistenceUnitInfo - No LoadTimeWeaver setup: ignoring JPA class transformer
2024-07-14 18:16:26.042 [Test worker] DEBUG o.h.t.d.jdbc.spi.JdbcTypeRegistry - addDescriptor(NCharTypeDescriptor) replaced previous registration(CharTypeDescriptor)
2024-07-14 18:16:26.043 [Test worker] DEBUG o.h.t.d.jdbc.spi.JdbcTypeRegistry - addDescriptor(NVarcharTypeDescriptor) replaced previous registration(VarcharTypeDescriptor)
2024-07-14 18:16:26.044 [Test worker] DEBUG o.h.t.d.jdbc.spi.JdbcTypeRegistry - addDescriptor(LongNVarcharTypeDescriptor) replaced previous registration(LongVarcharTypeDescriptor)
2024-07-14 18:16:26.049 [Test worker] DEBUG o.h.t.d.jdbc.spi.JdbcTypeRegistry - addDescriptor(NClobTypeDescriptor(DEFAULT)) replaced previous registration(ClobTypeDescriptor(DEFAULT))
2024-07-14 18:16:26.051 [Test worker] DEBUG o.h.t.d.jdbc.spi.JdbcTypeRegistry - addDescriptor(2005, ClobTypeDescriptor(STREAM_BINDING)) replaced previous registration(ClobTypeDescriptor(DEFAULT))
2024-07-14 18:16:26.056 [Test worker] DEBUG o.h.t.d.jdbc.spi.JdbcTypeRegistry - addDescriptor(TimestampUtcDescriptor) replaced previous registration(TimestampUtcDescriptor)
2024-07-14 18:16:26.072 [Test worker] DEBUG o.hibernate.type.BasicTypeRegistry - Adding type registration org.hibernate.type.DurationType -> basicType@1(java.time.Duration,3015)
2024-07-14 18:16:26.073 [Test worker] DEBUG o.hibernate.type.BasicTypeRegistry - Adding type registration Duration -> basicType@1(java.time.Duration,3015)
2024-07-14 18:16:26.073 [Test worker] DEBUG o.hibernate.type.BasicTypeRegistry - Adding type registration java.time.Duration -> basicType@1(java.time.Duration,3015)
2024-07-14 18:16:26.081 [Test worker] DEBUG o.h.type.spi.TypeConfiguration$Scope - Scoping TypeConfiguration [org.hibernate.type.spi.TypeConfiguration@838e109] to MetadataBuildingContext [org.hibernate.boot.internal.MetadataBuildingContextRootImpl@7474196]
2024-07-14 18:16:27.671 [Test worker] INFO  o.h.e.t.j.p.i.JtaPlatformInitiator - HHH000489: No JTA platform available (set 'hibernate.transaction.jta.platform' to enable JTA platform integration)
2024-07-14 18:16:27.673 [Test worker] DEBUG o.h.type.spi.TypeConfiguration$Scope - Scoping TypeConfiguration [org.hibernate.type.spi.TypeConfiguration@838e109] to SessionFactoryImplementor [org.hibernate.internal.SessionFactoryImpl@26361572]
2024-07-14 18:16:27.720 [Test worker] DEBUG org.hibernate.SQL - drop table if exists users cascade 
2024-07-14 18:16:27.735 [Test worker] DEBUG org.hibernate.SQL - create table users (role tinyint check (role between 0 and 1), uid bigint generated by default as identity, email varchar(255), nickname varchar(255), phone varchar(255), token varchar(255), user_pw varchar(255), username varchar(255), primary key (uid))
2024-07-14 18:16:27.756 [Test worker] TRACE o.h.type.spi.TypeConfiguration$Scope - Handling #sessionFactoryCreated from [org.hibernate.internal.SessionFactoryImpl@26361572] for TypeConfiguration
2024-07-14 18:16:27.757 [Test worker] INFO  o.s.o.j.LocalContainerEntityManagerFactoryBean - Initialized JPA EntityManagerFactory for persistence unit 'default'
2024-07-14 18:16:28.856 [Test worker] WARN  o.s.b.a.o.j.JpaBaseConfiguration$JpaWebConfiguration - spring.jpa.open-in-view is enabled by default. Therefore, database queries may be performed during view rendering. Explicitly configure spring.jpa.open-in-view to disable this warning
2024-07-14 18:16:28.914 [Test worker] INFO  o.s.s.c.a.a.c.InitializeUserDetailsBeanManagerConfigurer$InitializeUserDetailsManagerConfigurer - Global AuthenticationManager configured with UserDetailsService bean with name userDetailsService
2024-07-14 18:16:35.360 [Test worker] INFO  c.example.demo.DemoApplicationTests - Started DemoApplicationTests in 16.567 seconds (process running for 19.852)
2024-07-14 18:16:36.422 [SpringApplicationShutdownHook] INFO  o.s.o.j.LocalContainerEntityManagerFactoryBean - Closing JPA EntityManagerFactory for persistence unit 'default'
2024-07-14 18:16:36.424 [SpringApplicationShutdownHook] DEBUG org.hibernate.SQL - drop table if exists users cascade 
2024-07-14 18:16:36.427 [SpringApplicationShutdownHook] TRACE o.h.type.spi.TypeConfiguration$Scope - Handling #sessionFactoryClosed from [org.hibernate.internal.SessionFactoryImpl@26361572] for TypeConfiguration
2024-07-14 18:16:36.427 [SpringApplicationShutdownHook] DEBUG o.h.type.spi.TypeConfiguration$Scope - Un-scoping TypeConfiguration [org.hibernate.type.spi.TypeConfiguration$Scope@a93663d] from SessionFactory [org.hibernate.internal.SessionFactoryImpl@26361572]
2024-07-14 18:16:36.431 [SpringApplicationShutdownHook] INFO  com.zaxxer.hikari.HikariDataSource - HikariPool-1 - Shutdown initiated...
2024-07-14 18:16:36.435 [SpringApplicationShutdownHook] INFO  com.zaxxer.hikari.HikariDataSource - HikariPool-1 - Shutdown completed.
